2024-07-08 17:21:24.612	[ERROR]	account/user.go:32	err is test
snowgo/internal/api/account.GetUserInfo
	/Users/snow/Desktop/snow/projects/snowgo/internal/api/account/user.go:32
github.com/gin-gonic/gin.(*Context).Next
	/Users/snow/go/pkg/mod/github.com/gin-gonic/gin@v1.10.0/context.go:185
snowgo/routers.loadMiddleWare.Cors.func3
	/Users/snow/Desktop/snow/projects/snowgo/routers/middleware/middleware.go:179
github.com/gin-gonic/gin.(*Context).Next
	/Users/snow/go/pkg/mod/github.com/gin-gonic/gin@v1.10.0/context.go:185
snowgo/routers.loadMiddleWare.Recovery.func2
	/Users/snow/Desktop/snow/projects/snowgo/routers/middleware/middleware.go:151
github.com/gin-gonic/gin.(*Context).Next
	/Users/snow/go/pkg/mod/github.com/gin-gonic/gin@v1.10.0/context.go:185
snowgo/routers.loadMiddleWare.AccessLogger.func1
	/Users/snow/Desktop/snow/projects/snowgo/routers/middleware/middleware.go:74
github.com/gin-gonic/gin.(*Context).Next
	/Users/snow/go/pkg/mod/github.com/gin-gonic/gin@v1.10.0/context.go:185
github.com/gin-gonic/gin.(*Engine).handleHTTPRequest
	/Users/snow/go/pkg/mod/github.com/gin-gonic/gin@v1.10.0/gin.go:633
github.com/gin-gonic/gin.(*Engine).ServeHTTP
	/Users/snow/go/pkg/mod/github.com/gin-gonic/gin@v1.10.0/gin.go:589
net/http.serverHandler.ServeHTTP
	/usr/local/Cellar/go/1.22.5/libexec/src/net/http/server.go:3142
net/http.(*conn).serve
	/usr/local/Cellar/go/1.22.5/libexec/src/net/http/server.go:2044
